<?xml version="1.0" encoding="UTF-8"?>
<!-- Generated by org.testng.reporters.JUnitReportReporter -->
<testsuite skipped="0" hostname="Balaji" name="com.ibm.basetest.BaseTest" tests="1" failures="0" timestamp="03 Jan 2019 04:49:25 GMT" time="0.017" errors="0">
  <testcase name="LoginTest" time="0.017" classname="com.ibm.basetest.BaseTest"/>
</testsuite> <!-- com.ibm.basetest.BaseTest -->
