<?xml version="1.0" encoding="UTF-8"?>
<!-- Generated by org.testng.reporters.JUnitReportReporter -->
<testsuite skipped="0" hostname="Balaji" name="com.ibm.basetest.BaseTest" tests="1" failures="0" timestamp="04 Jan 2019 08:54:37 GMT" time="29.290" errors="0">
  <testcase name="LoginTest" time="29.290" classname="com.ibm.basetest.BaseTest"/>
</testsuite> <!-- com.ibm.basetest.BaseTest -->
